<?xml version="1.0" encoding="UTF-8"?>
<!-- Generated by org.testng.reporters.JUnitReportReporter -->
<testsuite hostname="SCS-LT-068" name="carRental.B_FilterBy_CarSize" tests="1" failures="0" timestamp="4 Sep 2015 13:33:42 GMT" time="8.381" errors="0">
  <testcase name="carsize" time="8.381" classname="carRental.B_FilterBy_CarSize"/>
</testsuite> <!-- carRental.B_FilterBy_CarSize -->
