<?xml version="1.0" encoding="UTF-8"?>
<!-- Generated by org.testng.reporters.JUnitReportReporter -->
<testsuite hostname="SCS-LT-068" name="carRental.A_Verify_CarCount" tests="1" failures="0" timestamp="4 Sep 2015 13:33:42 GMT" time="33.812" errors="0">
  <testcase name="searchCar" time="33.812" classname="carRental.A_Verify_CarCount"/>
</testsuite> <!-- carRental.A_Verify_CarCount -->
